<?xml version="1.0" encoding="UTF-8"?>
<!-- Generated by org.testng.reporters.JUnitReportReporter -->
<testsuite skipped="1" hostname="DESKTOP-ECUV1T5" name="com.interview.automation.appln.scripts.TripadvisorTest" tests="1" failures="0" timestamp="07 Jan 2020 18:01:27 GMT" time="0.000" errors="0">
  <testcase name="trip_Advisor_Rating" time="0.000" classname="com.interview.automation.appln.scripts.TripadvisorTest">
    <skipped/>
  </testcase> <!-- trip_Advisor_Rating -->
</testsuite> <!-- com.interview.automation.appln.scripts.TripadvisorTest -->
